d:\code\cm_z_fw\solution1\wfp_fw\x64\debug\vc142.pdb
d:\code\cm_z_fw\solution1\wfp_fw\x64\debug\wfpdriver.obj
d:\code\cm_z_fw\solution1\wfp_fw\x64\debug\examplecallout.obj
d:\code\cm_z_fw\solution1\x64\debug\wfp_fw.sys
d:\code\cm_z_fw\solution1\x64\debug\wfp_fw.pdb
d:\code\cm_z_fw\solution1\wfp_fw\x64\debug\wfp_fw.inf
d:\code\cm_z_fw\solution1\x64\debug\wfp_fw.cer
d:\code\cm_z_fw\solution1\x64\debug\wfp_fw.inf
d:\code\cm_z_fw\solution1\wfp_fw\x64\debug\wfp_fw.tlog\cl.command.1.tlog
d:\code\cm_z_fw\solution1\wfp_fw\x64\debug\wfp_fw.tlog\cl.read.1.tlog
d:\code\cm_z_fw\solution1\wfp_fw\x64\debug\wfp_fw.tlog\cl.write.1.tlog
d:\code\cm_z_fw\solution1\wfp_fw\x64\debug\wfp_fw.tlog\link.command.1.tlog
d:\code\cm_z_fw\solution1\wfp_fw\x64\debug\wfp_fw.tlog\link.read.1.tlog
d:\code\cm_z_fw\solution1\wfp_fw\x64\debug\wfp_fw.tlog\link.write.1.tlog
d:\code\cm_z_fw\solution1\wfp_fw\x64\debug\wfp_fw.tlog\signtool.command.1.tlog
d:\code\cm_z_fw\solution1\wfp_fw\x64\debug\wfp_fw.tlog\signtool.read.1.tlog
d:\code\cm_z_fw\solution1\wfp_fw\x64\debug\wfp_fw.tlog\signtool.timestamp.1.tlog
d:\code\cm_z_fw\solution1\wfp_fw\x64\debug\wfp_fw.tlog\signtool.write.1.tlog
d:\code\cm_z_fw\solution1\wfp_fw\x64\debug\wfp_fw.tlog\stampinf.command.1.tlog
d:\code\cm_z_fw\solution1\wfp_fw\x64\debug\wfp_fw.tlog\stampinf.read.1.tlog
d:\code\cm_z_fw\solution1\wfp_fw\x64\debug\wfp_fw.tlog\stampinf.write.1.tlog
